<?xml version="1.0" encoding="UTF-8"?>
<!-- Generated by org.testng.reporters.JUnitReportReporter -->
<testsuite hostname="LAXMIKANT" failures="0" tests="1" name="com.hyr.Tests.FirstTest" time="14.836" errors="0" timestamp="2023-12-23T15:28:35 IST" skipped="0">
  <testcase classname="com.hyr.Tests.FirstTest" name="TestGoogle" time="14.836"/>
  <system-out/>
</testsuite> <!-- com.hyr.Tests.FirstTest -->
