<?xml version="1.0" encoding="UTF-8"?>
<!-- Generated by org.testng.reporters.JUnitReportReporter -->
<testsuite hostname="LAXMIKANT" failures="0" tests="1" name="packageP1.TestClass" time="0.006" errors="0" timestamp="2023-11-30T03:12:23 IST" skipped="0">
  <testcase classname="packageP1.TestClass" name="food" time="0.006"/>
  <system-out/>
</testsuite> <!-- packageP1.TestClass -->
