<?xml version="1.0" encoding="UTF-8"?>
<!-- Generated by org.testng.reporters.JUnitReportReporter -->
<testsuite hostname="LAXMIKANT" failures="0" tests="1" name="com.hyr.Tests.Facebook" time="13.465" errors="0" timestamp="2023-12-23T16:27:45 IST" skipped="0">
  <testcase classname="com.hyr.Tests.Facebook" name="EnterLoginDetails" time="13.465"/>
  <system-out/>
</testsuite> <!-- com.hyr.Tests.Facebook -->
