<?xml version="1.0" encoding="UTF-8"?>
<!-- Generated by org.testng.reporters.JUnitReportReporter -->
<testsuite hostname="LAXMIKANT" failures="0" tests="2" name="com.hyr.java.FirstTest" time="41.094" errors="0" timestamp="2023-12-23T13:56:58 IST" skipped="0">
  <testcase classname="com.hyr.java.FirstTest" name="TestGoogle" time="14.286"/>
  <system-out/>
  <testcase classname="com.hyr.java.FirstTest" name="TestFacebook" time="26.808"/>
  <system-out/>
</testsuite> <!-- com.hyr.java.FirstTest -->
